<?xml version="1.0" encoding="UTF-8"?>
<!-- Generated by org.testng.reporters.JUnitXMLReporter -->
<testsuite ignored="5" hostname="DESKTOP-BKGT5IA" failures="0" tests="6" name="RegressionTests" time="129.56" errors="0" timestamp="2026-06-07T20:03:09 IST">
  <testcase classname="tests.AutomationPracticeTest" name="Unit2_DatePickers" time="6.35"/>
  <testcase classname="tests.AutomationPracticeTest" name="Unit4_PaginationWebTable" time="30.653"/>
  <testcase classname="tests.AutomationPracticeTest" name="Unit7_TabsAndWindowsValidation" time="9.119"/>
  <testcase classname="tests.AutomationPracticeTest" name="Unit8_AlertsAndPopupsValidation" time="14.536"/>
  <testcase classname="tests.AutomationPracticeTest" name="Unit10_VerifyLaptopAndBrokenLinks" time="41.086"/>
  <testcase classname="tests.AutomationPracticeTest" name="Unit11_ShadowDOM" time="14.92"/>
  <testcase classname="tests.AutomationPracticeTest" name="Unit9_AdvancedMouseValidation" time="0.0">
    <ignored/>
  </testcase> <!-- Unit9_AdvancedMouseValidation -->
  <testcase classname="tests.AutomationPracticeTest" name="Unit3_FileUpload" time="0.0">
    <ignored/>
  </testcase> <!-- Unit3_FileUpload -->
  <testcase classname="tests.AutomationPracticeTest" name="Unit5_Form" time="0.0">
    <ignored/>
  </testcase> <!-- Unit5_Form -->
  <testcase classname="tests.AutomationPracticeTest" name="Unit1_GUIElements" time="0.0">
    <ignored/>
  </testcase> <!-- Unit1_GUIElements -->
  <testcase classname="tests.AutomationPracticeTest" name="printValidLinksTest" time="0.0">
    <ignored/>
  </testcase> <!-- printValidLinksTest -->
</testsuite> <!-- RegressionTests -->
