<?xml version="1.0" encoding="UTF-8"?>
<!-- Generated by org.testng.reporters.JUnitXMLReporter -->
<testsuite ignored="5" hostname="DESKTOP-BKGT5IA" failures="1" tests="7" name="RegressionTests" time="171.788" errors="0" timestamp="2026-06-11T16:07:32 IST">
  <testcase classname="tests.AutomationPracticeTest" name="Unit2_DatePickers" time="6.406"/>
  <testcase classname="tests.AutomationPracticeTest" name="Unit4_PaginationWebTable" time="30.88"/>
  <testcase classname="tests.AutomationPracticeTest" name="Unit7_TabsAndWindowsValidation" time="12.963"/>
  <testcase classname="tests.AutomationPracticeTest" name="Unit8_AlertsAndPopupsValidation" time="15.819"/>
  <testcase classname="tests.AutomationPracticeTest" name="Unit10_VerifyLaptopAndBrokenLinks" time="75.452"/>
  <testcase classname="tests.AutomationPracticeTest" name="Unit11_ShadowDOM" time="15.658"/>
  <testcase classname="tests.AutomationPracticeTest" name="Unit13_BlankFormSubmission" time="0.811">
    <failure type="java.lang.AssertionError" message="Form submitted with blank mandatory fields">
      <![CDATA[java.lang.AssertionError: Form submitted with blank mandatory fields
at tests.AutomationPracticeTest.Unit13_BlankFormSubmission(AutomationPracticeTest.java:289)
at java.base/java.util.ArrayList.forEach(ArrayList.java:1511)
... Removed 28 stack frames]]>
    </failure>
  </testcase> <!-- Unit13_BlankFormSubmission -->
  <testcase classname="tests.AutomationPracticeTest" name="Unit5_Form" time="0.0">
    <ignored/>
  </testcase> <!-- Unit5_Form -->
  <testcase classname="tests.AutomationPracticeTest" name="Unit1_GUIElements" time="0.0">
    <ignored/>
  </testcase> <!-- Unit1_GUIElements -->
  <testcase classname="tests.AutomationPracticeTest" name="printValidLinksTest" time="0.0">
    <ignored/>
  </testcase> <!-- printValidLinksTest -->
  <testcase classname="tests.AutomationPracticeTest" name="Unit9_AdvancedMouseValidation" time="0.0">
    <ignored/>
  </testcase> <!-- Unit9_AdvancedMouseValidation -->
  <testcase classname="tests.AutomationPracticeTest" name="Unit3_FileUpload" time="0.0">
    <ignored/>
  </testcase> <!-- Unit3_FileUpload -->
</testsuite> <!-- RegressionTests -->
