<?xml version="1.0" encoding="UTF-8"?>
<!-- Generated by org.testng.reporters.JUnitXMLReporter -->
<testsuite ignored="6" hostname="DESKTOP-BKGT5IA" failures="0" tests="6" name="SmokeTests" time="56.022" errors="0" timestamp="2026-06-13T11:38:19 IST">
  <testcase classname="tests.AutomationPracticeTest" name="Unit1_GUIElements" time="2.461"/>
  <testcase classname="tests.AutomationPracticeTest" name="Unit1_GUIElements" time="1.958"/>
  <testcase classname="tests.AutomationPracticeTest" name="Unit3_FileUpload" time="4.32"/>
  <testcase classname="tests.AutomationPracticeTest" name="Unit5_Form" time="10.03"/>
  <testcase classname="tests.AutomationPracticeTest" name="printValidLinksTest" time="2.013"/>
  <testcase classname="tests.AutomationPracticeTest" name="Unit9_AdvancedMouseValidation" time="13.858"/>
  <testcase classname="tests.AutomationPracticeTest" name="Unit2_DatePickers" time="0.0">
    <ignored/>
  </testcase> <!-- Unit2_DatePickers -->
  <testcase classname="tests.AutomationPracticeTest" name="Unit11_ShadowDOM" time="0.0">
    <ignored/>
  </testcase> <!-- Unit11_ShadowDOM -->
  <testcase classname="tests.AutomationPracticeTest" name="Unit8_AlertsAndPopupsValidation" time="0.0">
    <ignored/>
  </testcase> <!-- Unit8_AlertsAndPopupsValidation -->
  <testcase classname="tests.AutomationPracticeTest" name="Unit7_TabsAndWindowsValidation" time="0.0">
    <ignored/>
  </testcase> <!-- Unit7_TabsAndWindowsValidation -->
  <testcase classname="tests.AutomationPracticeTest" name="Unit4_PaginationWebTable" time="0.0">
    <ignored/>
  </testcase> <!-- Unit4_PaginationWebTable -->
  <testcase classname="tests.AutomationPracticeTest" name="Unit10_VerifyLaptopAndBrokenLinks" time="0.0">
    <ignored/>
  </testcase> <!-- Unit10_VerifyLaptopAndBrokenLinks -->
</testsuite> <!-- SmokeTests -->
