<?xml version="1.0" encoding="UTF-8"?>
<!-- Generated by org.testng.reporters.JUnitXMLReporter -->
<testsuite ignored="5" hostname="DESKTOP-BKGT5IA" failures="4" tests="5" name="Smoke Testing" time="1.016" errors="0" timestamp="2026-06-05T18:58:31 IST">
  <testcase classname="tests.AutomationPracticeTest" name="Unit1_GUIElements" time="0.068">
    <failure type="java.lang.NullPointerException" message="Cannot invoke &amp;quot;pages.AutomationPracticePage.enterName(String)&amp;quot; because &amp;quot;this.page&amp;quot; is null">
      <![CDATA[java.lang.NullPointerException: Cannot invoke "pages.AutomationPracticePage.enterName(String)" because "this.page" is null
at tests.AutomationPracticeTest.Unit1_GUIElements(AutomationPracticeTest.java:53)
at java.base/java.util.ArrayList.forEach(ArrayList.java:1511)
... Removed 27 stack frames]]>
    </failure>
  </testcase> <!-- Unit1_GUIElements -->
  <testcase classname="tests.AutomationPracticeTest" name="Unit3_FileUpload" time="0.024">
    <failure type="java.lang.NullPointerException" message="Cannot invoke &amp;quot;pages.AutomationPracticePage.uploadSingleFile(String)&amp;quot; because &amp;quot;this.page&amp;quot; is null">
      <![CDATA[java.lang.NullPointerException: Cannot invoke "pages.AutomationPracticePage.uploadSingleFile(String)" because "this.page" is null
at tests.AutomationPracticeTest.Unit3_FileUpload(AutomationPracticeTest.java:98)
at java.base/java.util.ArrayList.forEach(ArrayList.java:1511)
... Removed 27 stack frames]]>
    </failure>
  </testcase> <!-- Unit3_FileUpload -->
  <testcase classname="tests.AutomationPracticeTest" name="Unit5_Form" time="0.012">
    <failure type="java.lang.NullPointerException" message="Cannot invoke &amp;quot;pages.AutomationPracticePage.fillSection1(String)&amp;quot; because &amp;quot;this.page&amp;quot; is null">
      <![CDATA[java.lang.NullPointerException: Cannot invoke "pages.AutomationPracticePage.fillSection1(String)" because "this.page" is null
at tests.AutomationPracticeTest.Unit5_Form(AutomationPracticeTest.java:118)
at java.base/java.util.ArrayList.forEach(ArrayList.java:1511)
... Removed 27 stack frames]]>
    </failure>
  </testcase> <!-- Unit5_Form -->
  <testcase classname="tests.AutomationPracticeTest" name="printValidLinksTest" time="0.018"/>
  <testcase classname="tests.AutomationPracticeTest" name="Unit9_AdvancedMouseValidation" time="0.017">
    <failure type="java.lang.NullPointerException" message="Cannot invoke &amp;quot;pages.AutomationPracticePage.executeUnit9_AdvancedMouseActions()&amp;quot; because &amp;quot;this.page&amp;quot; is null">
      <![CDATA[java.lang.NullPointerException: Cannot invoke "pages.AutomationPracticePage.executeUnit9_AdvancedMouseActions()" because "this.page" is null
at tests.AutomationPracticeTest.Unit9_AdvancedMouseValidation(AutomationPracticeTest.java:173)
at java.base/java.util.ArrayList.forEach(ArrayList.java:1511)
... Removed 27 stack frames]]>
    </failure>
  </testcase> <!-- Unit9_AdvancedMouseValidation -->
  <testcase classname="tests.AutomationPracticeTest" name="Unit4_PaginationWebTable" time="0.0">
    <ignored/>
  </testcase> <!-- Unit4_PaginationWebTable -->
  <testcase classname="tests.AutomationPracticeTest" name="Unit7_TabsAndWindowsValidation" time="0.0">
    <ignored/>
  </testcase> <!-- Unit7_TabsAndWindowsValidation -->
  <testcase classname="tests.AutomationPracticeTest" name="Unit8_AlertsAndPopupsValidation" time="0.0">
    <ignored/>
  </testcase> <!-- Unit8_AlertsAndPopupsValidation -->
  <testcase classname="tests.AutomationPracticeTest" name="Unit10_VerifyLaptopAndBrokenLinks" time="0.0">
    <ignored/>
  </testcase> <!-- Unit10_VerifyLaptopAndBrokenLinks -->
  <testcase classname="tests.AutomationPracticeTest" name="Unit2_DatePickers" time="0.0">
    <ignored/>
  </testcase> <!-- Unit2_DatePickers -->
</testsuite> <!-- Smoke Testing -->
