<?xml version="1.0" encoding="UTF-8"?>
<!-- Generated by org.testng.reporters.JUnitXMLReporter -->
<testsuite ignored="0" hostname="DESKTOP-BKGT5IA" failures="0" tests="12" name="AllTests" time="197.928" errors="0" timestamp="2026-06-07T19:03:37 IST">
  <testcase classname="tests.AutomationPracticeTest" name="Unit1_GUIElements" time="2.524"/>
  <testcase classname="tests.AutomationPracticeTest" name="Unit1_GUIElements" time="1.783"/>
  <testcase classname="tests.AutomationPracticeTest" name="Unit2_DatePickers" time="6.116"/>
  <testcase classname="tests.AutomationPracticeTest" name="Unit3_FileUpload" time="4.309"/>
  <testcase classname="tests.AutomationPracticeTest" name="Unit4_PaginationWebTable" time="30.75"/>
  <testcase classname="tests.AutomationPracticeTest" name="Unit5_Form" time="10.368"/>
  <testcase classname="tests.AutomationPracticeTest" name="printValidLinksTest" time="2.01"/>
  <testcase classname="tests.AutomationPracticeTest" name="Unit7_TabsAndWindowsValidation" time="9.545"/>
  <testcase classname="tests.AutomationPracticeTest" name="Unit8_AlertsAndPopupsValidation" time="16.916"/>
  <testcase classname="tests.AutomationPracticeTest" name="Unit9_AdvancedMouseValidation" time="13.864"/>
  <testcase classname="tests.AutomationPracticeTest" name="Unit10_VerifyLaptopAndBrokenLinks" time="67.801"/>
  <testcase classname="tests.AutomationPracticeTest" name="Unit11_ShadowDOM" time="15.091"/>
</testsuite> <!-- AllTests -->
