<?xml version="1.0" encoding="UTF-8"?>
<!-- Generated by org.testng.reporters.JUnitXMLReporter -->
<testsuite ignored="0" hostname="DESKTOP-BKGT5IA" failures="0" tests="12" name="Default test" time="173.099" errors="0" timestamp="2026-06-07T20:00:16 IST">
  <testcase classname="tests.AutomationPracticeTest" name="Unit1_GUIElements" time="2.822"/>
  <testcase classname="tests.AutomationPracticeTest" name="Unit1_GUIElements" time="2.083"/>
  <testcase classname="tests.AutomationPracticeTest" name="Unit2_DatePickers" time="6.142"/>
  <testcase classname="tests.AutomationPracticeTest" name="Unit3_FileUpload" time="4.242"/>
  <testcase classname="tests.AutomationPracticeTest" name="Unit4_PaginationWebTable" time="30.45"/>
  <testcase classname="tests.AutomationPracticeTest" name="Unit5_Form" time="9.901"/>
  <testcase classname="tests.AutomationPracticeTest" name="printValidLinksTest" time="2.011"/>
  <testcase classname="tests.AutomationPracticeTest" name="Unit7_TabsAndWindowsValidation" time="11.194"/>
  <testcase classname="tests.AutomationPracticeTest" name="Unit8_AlertsAndPopupsValidation" time="15.826"/>
  <testcase classname="tests.AutomationPracticeTest" name="Unit9_AdvancedMouseValidation" time="13.605"/>
  <testcase classname="tests.AutomationPracticeTest" name="Unit10_VerifyLaptopAndBrokenLinks" time="46.067"/>
  <testcase classname="tests.AutomationPracticeTest" name="Unit11_ShadowDOM" time="15.038"/>
</testsuite> <!-- Default test -->
