<?xml version="1.0" encoding="UTF-8"?>
<!-- Generated by org.testng.reporters.JUnitXMLReporter -->
<testsuite ignored="0" hostname="DESKTOP-BKGT5IA" failures="0" tests="12" name="Default test" time="178.705" errors="0" timestamp="2026-06-07T12:24:34 IST">
  <testcase classname="tests.AutomationPracticeTest" name="Unit1_GUIElements" time="2.809"/>
  <testcase classname="tests.AutomationPracticeTest" name="Unit1_GUIElements" time="1.781"/>
  <testcase classname="tests.AutomationPracticeTest" name="Unit2_DatePickers" time="6.104"/>
  <testcase classname="tests.AutomationPracticeTest" name="Unit3_FileUpload" time="4.316"/>
  <testcase classname="tests.AutomationPracticeTest" name="Unit4_PaginationWebTable" time="30.339"/>
  <testcase classname="tests.AutomationPracticeTest" name="Unit5_Form" time="9.974"/>
  <testcase classname="tests.AutomationPracticeTest" name="printValidLinksTest" time="2.011"/>
  <testcase classname="tests.AutomationPracticeTest" name="Unit7_TabsAndWindowsValidation" time="9.697"/>
  <testcase classname="tests.AutomationPracticeTest" name="Unit8_AlertsAndPopupsValidation" time="19.677"/>
  <testcase classname="tests.AutomationPracticeTest" name="Unit9_AdvancedMouseValidation" time="13.717"/>
  <testcase classname="tests.AutomationPracticeTest" name="Unit10_VerifyLaptopAndBrokenLinks" time="46.018"/>
  <testcase classname="tests.AutomationPracticeTest" name="Unit11_ShadowDOM" time="15.565"/>
</testsuite> <!-- Default test -->
