<?xml version="1.0" encoding="UTF-8"?>
<testng-results ignored="5" total="11" passed="6" failed="0" skipped="0">
  <reporter-output>
  </reporter-output>
  <suite started-at="2026-06-07T20:01:00 IST" name="RegressionSuite" finished-at="2026-06-07T20:03:09 IST" duration-ms="129560">
    <groups>
      <group name="regression">
        <method signature="AutomationPracticeTest.Unit2_DatePickers()[pri:2, instance:tests.AutomationPracticeTest@51bd8b5c]" name="Unit2_DatePickers" class="tests.AutomationPracticeTest"/>
        <method signature="AutomationPracticeTest.Unit4_PaginationWebTable()[pri:4, instance:tests.AutomationPracticeTest@51bd8b5c]" name="Unit4_PaginationWebTable" class="tests.AutomationPracticeTest"/>
        <method signature="AutomationPracticeTest.Unit7_TabsAndWindowsValidation()[pri:7, instance:tests.AutomationPracticeTest@51bd8b5c]" name="Unit7_TabsAndWindowsValidation" class="tests.AutomationPracticeTest"/>
        <method signature="AutomationPracticeTest.Unit8_AlertsAndPopupsValidation()[pri:8, instance:tests.AutomationPracticeTest@51bd8b5c]" name="Unit8_AlertsAndPopupsValidation" class="tests.AutomationPracticeTest"/>
        <method signature="AutomationPracticeTest.Unit10_VerifyLaptopAndBrokenLinks()[pri:10, instance:tests.AutomationPracticeTest@51bd8b5c]" name="Unit10_VerifyLaptopAndBrokenLinks" class="tests.AutomationPracticeTest"/>
        <method signature="AutomationPracticeTest.Unit11_ShadowDOM()[pri:11, instance:tests.AutomationPracticeTest@51bd8b5c]" name="Unit11_ShadowDOM" class="tests.AutomationPracticeTest"/>
      </group> <!-- regression -->
    </groups>
    <test started-at="2026-06-07T20:01:00 IST" name="RegressionTests" finished-at="2026-06-07T20:03:09 IST" duration-ms="129560">
      <class name="tests.AutomationPracticeTest">
        <test-method is-config="true" signature="startBrowser()[pri:0, instance:tests.AutomationPracticeTest@51bd8b5c]" started-at="2026-06-07T20:01:02 IST" name="startBrowser" finished-at="2026-06-07T20:01:12 IST" duration-ms="9547" status="PASS">
          <reporter-output>
          </reporter-output>
        </test-method> <!-- startBrowser -->
        <test-method signature="Unit2_DatePickers()[pri:2, instance:tests.AutomationPracticeTest@51bd8b5c]" started-at="2026-06-07T20:01:12 IST" name="Unit2_DatePickers" finished-at="2026-06-07T20:01:18 IST" duration-ms="6350" status="PASS">
          <reporter-output>
          </reporter-output>
        </test-method> <!-- Unit2_DatePickers -->
        <test-method signature="Unit4_PaginationWebTable()[pri:4, instance:tests.AutomationPracticeTest@51bd8b5c]" started-at="2026-06-07T20:01:18 IST" name="Unit4_PaginationWebTable" finished-at="2026-06-07T20:01:49 IST" duration-ms="30653" status="PASS">
          <reporter-output>
          </reporter-output>
        </test-method> <!-- Unit4_PaginationWebTable -->
        <test-method signature="Unit7_TabsAndWindowsValidation()[pri:7, instance:tests.AutomationPracticeTest@51bd8b5c]" started-at="2026-06-07T20:01:49 IST" name="Unit7_TabsAndWindowsValidation" finished-at="2026-06-07T20:01:58 IST" duration-ms="9119" status="PASS">
          <reporter-output>
          </reporter-output>
        </test-method> <!-- Unit7_TabsAndWindowsValidation -->
        <test-method signature="Unit8_AlertsAndPopupsValidation()[pri:8, instance:tests.AutomationPracticeTest@51bd8b5c]" started-at="2026-06-07T20:01:58 IST" name="Unit8_AlertsAndPopupsValidation" finished-at="2026-06-07T20:02:13 IST" duration-ms="14536" status="PASS">
          <reporter-output>
          </reporter-output>
        </test-method> <!-- Unit8_AlertsAndPopupsValidation -->
        <test-method signature="Unit10_VerifyLaptopAndBrokenLinks()[pri:10, instance:tests.AutomationPracticeTest@51bd8b5c]" started-at="2026-06-07T20:02:13 IST" name="Unit10_VerifyLaptopAndBrokenLinks" finished-at="2026-06-07T20:02:54 IST" duration-ms="41086" status="PASS">
          <reporter-output>
          </reporter-output>
        </test-method> <!-- Unit10_VerifyLaptopAndBrokenLinks -->
        <test-method signature="Unit11_ShadowDOM()[pri:11, instance:tests.AutomationPracticeTest@51bd8b5c]" started-at="2026-06-07T20:02:54 IST" name="Unit11_ShadowDOM" finished-at="2026-06-07T20:03:09 IST" duration-ms="14920" status="PASS">
          <reporter-output>
          </reporter-output>
        </test-method> <!-- Unit11_ShadowDOM -->
      </class> <!-- tests.AutomationPracticeTest -->
    </test> <!-- RegressionTests -->
  </suite> <!-- RegressionSuite -->
</testng-results>
