<?xml version="1.0" encoding="UTF-8"?>
<!-- Generated by org.testng.reporters.JUnitXMLReporter -->
<testsuite ignored="5" hostname="DESKTOP-BKGT5IA" failures="0" tests="5" name="Regression Testing" time="40.197" errors="0" timestamp="2026-06-05T22:47:00 IST">
  <testcase classname="tests.AutomationPracticeTest" name="Unit1_GUIElements" time="3.687"/>
  <testcase classname="tests.AutomationPracticeTest" name="Unit3_FileUpload" time="0.248"/>
  <testcase classname="tests.AutomationPracticeTest" name="Unit5_Form" time="6.44"/>
  <testcase classname="tests.AutomationPracticeTest" name="printValidLinksTest" time="0.004"/>
  <testcase classname="tests.AutomationPracticeTest" name="Unit9_AdvancedMouseValidation" time="14.114"/>
  <testcase classname="tests.AutomationPracticeTest" name="Unit8_AlertsAndPopupsValidation" time="0.0">
    <ignored/>
  </testcase> <!-- Unit8_AlertsAndPopupsValidation -->
  <testcase classname="tests.AutomationPracticeTest" name="Unit2_DatePickers" time="0.0">
    <ignored/>
  </testcase> <!-- Unit2_DatePickers -->
  <testcase classname="tests.AutomationPracticeTest" name="Unit7_TabsAndWindowsValidation" time="0.0">
    <ignored/>
  </testcase> <!-- Unit7_TabsAndWindowsValidation -->
  <testcase classname="tests.AutomationPracticeTest" name="Unit4_PaginationWebTable" time="0.0">
    <ignored/>
  </testcase> <!-- Unit4_PaginationWebTable -->
  <testcase classname="tests.AutomationPracticeTest" name="Unit10_VerifyLaptopAndBrokenLinks" time="0.0">
    <ignored/>
  </testcase> <!-- Unit10_VerifyLaptopAndBrokenLinks -->
</testsuite> <!-- Regression Testing -->
