<?xml version="1.0" encoding="UTF-8"?>
<!-- Generated by org.testng.reporters.JUnitReportReporter -->
<testsuite hostname="DESKTOP-BKGT5IA" failures="0" tests="6" name="tests.AutomationPracticeTest" time="116.664" errors="0" timestamp="2026-06-07T20:03:10 IST" skipped="0">
  <testcase classname="tests.AutomationPracticeTest" name="Unit2_DatePickers" time="6.350"/>
  <testcase classname="tests.AutomationPracticeTest" name="Unit4_PaginationWebTable" time="30.653"/>
  <testcase classname="tests.AutomationPracticeTest" name="Unit7_TabsAndWindowsValidation" time="9.119"/>
  <testcase classname="tests.AutomationPracticeTest" name="Unit8_AlertsAndPopupsValidation" time="14.536"/>
  <testcase classname="tests.AutomationPracticeTest" name="Unit10_VerifyLaptopAndBrokenLinks" time="41.086"/>
  <testcase classname="tests.AutomationPracticeTest" name="Unit11_ShadowDOM" time="14.920"/>
</testsuite> <!-- tests.AutomationPracticeTest -->
