<?xml version="1.0" encoding="UTF-8"?>
<!-- Generated by org.testng.reporters.JUnitReportReporter -->
<testsuite hostname="DESKTOP-BKGT5IA" failures="0" tests="12" name="tests.AutomationPracticeTest" time="154.765" errors="0" timestamp="2026-06-07T21:03:10 IST" skipped="0">
  <testcase classname="tests.AutomationPracticeTest" name="Unit1_GUIElements" time="1.753"/>
  <testcase classname="tests.AutomationPracticeTest" name="Unit1_GUIElements" time="2.535"/>
  <testcase classname="tests.AutomationPracticeTest" name="Unit2_DatePickers" time="6.061"/>
  <testcase classname="tests.AutomationPracticeTest" name="Unit3_FileUpload" time="4.253"/>
  <testcase classname="tests.AutomationPracticeTest" name="Unit4_PaginationWebTable" time="30.693"/>
  <testcase classname="tests.AutomationPracticeTest" name="Unit5_Form" time="9.960"/>
  <testcase classname="tests.AutomationPracticeTest" name="printValidLinksTest" time="2.020"/>
  <testcase classname="tests.AutomationPracticeTest" name="Unit7_TabsAndWindowsValidation" time="9.218"/>
  <testcase classname="tests.AutomationPracticeTest" name="Unit8_AlertsAndPopupsValidation" time="15.355"/>
  <testcase classname="tests.AutomationPracticeTest" name="Unit9_AdvancedMouseValidation" time="13.914"/>
  <testcase classname="tests.AutomationPracticeTest" name="Unit10_VerifyLaptopAndBrokenLinks" time="43.852"/>
  <testcase classname="tests.AutomationPracticeTest" name="Unit11_ShadowDOM" time="15.151"/>
</testsuite> <!-- tests.AutomationPracticeTest -->
